<?xml version="1.0" encoding="UTF-8"?>
<!-- Generated by org.testng.reporters.JUnitReportReporter -->
<testsuite hostname="DESKTOP-KR6B0UD" failures="0" tests="2" name="base.BaseTest" time="47.275" errors="1" timestamp="2025-03-05T17:18:36 IST" skipped="1">
  <testcase classname="base.BaseTest" name="setUp" time="47.275">
    <error message="Could not start a new session. Response code 500. Message: An unknown server-side error occurred while processing the command. Original error: Cannot start the &#039;com.swaglabsmobileapp&#039; application. Consider checking the driver&#039;s troubleshooting documentation. Original error: &#039;com.swaglabsmobileapp.SplashActivity&#039; never started. Consider checking the driver&#039;s troubleshooting documentation. 
Host info: host: &#039;DESKTOP-KR6B0UD&#039;, ip: &#039;192.168.1.117&#039;
Build info: version: &#039;4.29.0&#039;, revision: &#039;5fc1ec94cb&#039;
System info: os.name: &#039;Windows 11&#039;, os.arch: &#039;amd64&#039;, os.version: &#039;10.0&#039;, java.version: &#039;23.0.1&#039;
Driver info: io.appium.java_client.android.AndroidDriver
Command: [null, newSession {capabilities=[Capabilities {appium:appPackage: com.swaglabsmobileapp, appium:appWaitActivity: com.swaglabsmobileapp.Splas..., appium:automationName: UiAutomator2, appium:avd: Pixel_6_Pro, appium:avdLaunchTimeout: 180000, appium:avdReadyTimeout: 60000, appium:deviceName: realme narzo N55, appium:dontStopAppOnReset: true, appium:ignoreHiddenApiPolicyError: true, appium:noReset: true, platformName: ANDROID}]}]
Capabilities {appium:appPackage: com.swaglabsmobileapp, appium:appWaitActivity: com.swaglabsmobileapp.Splas..., appium:automationName: UiAutomator2, appium:avd: Pixel_6_Pro, appium:avdLaunchTimeout: 180000, appium:avdReadyTimeout: 60000, appium:deviceName: realme narzo N55, appium:dontStopAppOnReset: true, appium:ignoreHiddenApiPolicyError: true, appium:noReset: true, platformName: ANDROID}" type="org.openqa.selenium.SessionNotCreatedException">
      <![CDATA[org.openqa.selenium.SessionNotCreatedException: Could not start a new session. Response code 500. Message: An unknown server-side error occurred while processing the command. Original error: Cannot start the 'com.swaglabsmobileapp' application. Consider checking the driver's troubleshooting documentation. Original error: 'com.swaglabsmobileapp.SplashActivity' never started. Consider checking the driver's troubleshooting documentation. 
Host info: host: 'DESKTOP-KR6B0UD', ip: '192.168.1.117'
Build info: version: '4.29.0', revision: '5fc1ec94cb'
System info: os.name: 'Windows 11', os.arch: 'amd64', os.version: '10.0', java.version: '23.0.1'
Driver info: io.appium.java_client.android.AndroidDriver
Command: [null, newSession {capabilities=[Capabilities {appium:appPackage: com.swaglabsmobileapp, appium:appWaitActivity: com.swaglabsmobileapp.Splas..., appium:automationName: UiAutomator2, appium:avd: Pixel_6_Pro, appium:avdLaunchTimeout: 180000, appium:avdReadyTimeout: 60000, appium:deviceName: realme narzo N55, appium:dontStopAppOnReset: true, appium:ignoreHiddenApiPolicyError: true, appium:noReset: true, platformName: ANDROID}]}]
Capabilities {appium:appPackage: com.swaglabsmobileapp, appium:appWaitActivity: com.swaglabsmobileapp.Splas..., appium:automationName: UiAutomator2, appium:avd: Pixel_6_Pro, appium:avdLaunchTimeout: 180000, appium:avdReadyTimeout: 60000, appium:deviceName: realme narzo N55, appium:dontStopAppOnReset: true, appium:ignoreHiddenApiPolicyError: true, appium:noReset: true, platformName: ANDROID}
at org.openqa.selenium.remote.ProtocolHandshake.createSession(ProtocolHandshake.java:114)
at org.openqa.selenium.remote.ProtocolHandshake.createSession(ProtocolHandshake.java:75)
at org.openqa.selenium.remote.ProtocolHandshake.createSession(ProtocolHandshake.java:61)
at io.appium.java_client.remote.AppiumCommandExecutor.createSession(AppiumCommandExecutor.java:176)
at io.appium.java_client.remote.AppiumCommandExecutor.execute(AppiumCommandExecutor.java:237)
at org.openqa.selenium.remote.RemoteWebDriver.execute(RemoteWebDriver.java:545)
at io.appium.java_client.AppiumDriver.startSession(AppiumDriver.java:270)
at org.openqa.selenium.remote.RemoteWebDriver.<init>(RemoteWebDriver.java:174)
at io.appium.java_client.AppiumDriver.<init>(AppiumDriver.java:91)
at io.appium.java_client.AppiumDriver.<init>(AppiumDriver.java:103)
at io.appium.java_client.android.AndroidDriver.<init>(AndroidDriver.java:109)
at utils.DriverManager.initializeDriver(DriverManager.java:43)
at base.BaseTest.setUp(BaseTest.java:13)
at java.base/jdk.internal.reflect.DirectMethodHandleAccessor.invoke(DirectMethodHandleAccessor.java:103)
at java.base/java.lang.reflect.Method.invoke(Method.java:580)
at org.testng.internal.invokers.MethodInvocationHelper.invokeMethod(MethodInvocationHelper.java:141)
at org.testng.internal.invokers.MethodInvocationHelper.invokeMethodConsideringTimeout(MethodInvocationHelper.java:71)
at org.testng.internal.invokers.ConfigInvoker.invokeConfigurationMethod(ConfigInvoker.java:400)
at org.testng.internal.invokers.ConfigInvoker.invokeConfigurations(ConfigInvoker.java:333)
at org.testng.SuiteRunner.privateRun(SuiteRunner.java:358)
at org.testng.SuiteRunner.run(SuiteRunner.java:312)
at org.testng.SuiteRunnerWorker.runSuite(SuiteRunnerWorker.java:52)
at org.testng.SuiteRunnerWorker.run(SuiteRunnerWorker.java:95)
at org.testng.TestNG.runSuitesSequentially(TestNG.java:1274)
at org.testng.TestNG.runSuitesLocally(TestNG.java:1208)
at org.testng.TestNG.runSuites(TestNG.java:1112)
at org.testng.TestNG.run(TestNG.java:1079)
at org.testng.remote.AbstractRemoteTestNG.run(AbstractRemoteTestNG.java:115)
at org.testng.remote.RemoteTestNG.initAndRun(RemoteTestNG.java:293)
at org.testng.remote.RemoteTestNG.main(RemoteTestNG.java:91)
]]>
    </error>
  </testcase> <!-- setUp -->
  <testcase classname="base.BaseTest" name="test" time="0.000">
    <skipped/>
  </testcase> <!-- test -->
</testsuite> <!-- base.BaseTest -->
